2023-09-09 13:33:04,201 - INFO - Loading mappings from cache.
2023-09-09 13:33:05,763 - INFO - Successfully logged in as TiagoLubianaBot
2023-09-09 13:35:57,466 - WARNING - EFO_0000681 not found on Wikidata!
2023-09-09 13:36:20,336 - WARNING - EFO_0001063 not found on Wikidata!
2023-09-09 13:37:29,056 - WARNING - EFO_0003784 not found on Wikidata!
2023-09-09 13:37:41,143 - WARNING - EFO_0004125 not found on Wikidata!
2023-09-09 13:37:45,540 - WARNING - EFO_0004142 not found on Wikidata!
2023-09-09 13:37:59,675 - WARNING - EFO_0004193 not found on Wikidata!
2023-09-09 13:38:11,386 - WARNING - ENSG00000122218 not found on Wikidata!
2023-09-09 13:38:12,201 - WARNING - EFO_0004252 not found on Wikidata!
2023-09-09 13:38:39,933 - WARNING - EFO_0004278 not found on Wikidata!
2023-09-09 13:38:49,746 - WARNING - EFO_0004339 not found on Wikidata!
2023-09-09 13:38:49,747 - WARNING - EFO_0004340 not found on Wikidata!
2023-09-09 13:38:49,747 - WARNING - EFO_0004348 not found on Wikidata!
2023-09-09 13:38:51,997 - WARNING - EFO_0004514 not found on Wikidata!
2023-09-09 13:38:55,684 - WARNING - EFO_0004526 not found on Wikidata!
2023-09-09 13:38:55,684 - WARNING - EFO_0004527 not found on Wikidata!
2023-09-09 13:38:55,684 - WARNING - EFO_0004530 not found on Wikidata!
2023-09-09 13:38:55,684 - WARNING - EFO_0004531 not found on Wikidata!
2023-09-09 13:38:55,685 - WARNING - EFO_0004533 not found on Wikidata!
2023-09-09 13:38:55,685 - WARNING - EFO_0004570 not found on Wikidata!
2023-09-09 13:38:55,685 - WARNING - EFO_0004574 not found on Wikidata!
2023-09-09 13:38:55,685 - WARNING - EFO_0004584 not found on Wikidata!
2023-09-09 13:38:55,685 - WARNING - EFO_0004611 not found on Wikidata!
2023-09-09 13:38:55,685 - WARNING - EFO_0004612 not found on Wikidata!
2023-09-09 13:38:55,685 - WARNING - EFO_0004615 not found on Wikidata!
2023-09-09 13:38:55,686 - WARNING - EFO_0004617 not found on Wikidata!
2023-09-09 13:38:55,686 - WARNING - EFO_0004627 not found on Wikidata!
2023-09-09 13:39:00,199 - WARNING - EFO_0004735 not found on Wikidata!
2023-09-09 13:39:02,547 - WARNING - EFO_0004838 not found on Wikidata!
2023-09-09 13:39:09,617 - WARNING - EFO_0004995 not found on Wikidata!
2023-09-09 13:39:09,617 - WARNING - EFO_0005138 not found on Wikidata!
2023-09-09 13:39:09,617 - WARNING - EFO_0005140 not found on Wikidata!
2023-09-09 13:39:09,617 - WARNING - EFO_0005207 not found on Wikidata!
2023-09-09 13:39:17,197 - WARNING - EFO_0005409 not found on Wikidata!
2023-09-09 13:39:37,566 - WARNING - EFO_0005584 not found on Wikidata!
2023-09-09 13:40:02,456 - WARNING - EFO_0006856 not found on Wikidata!
2023-09-09 13:40:02,456 - WARNING - EFO_0006925 not found on Wikidata!
2023-09-09 13:40:02,456 - WARNING - EFO_0007009 not found on Wikidata!
2023-09-09 13:40:07,267 - WARNING - EFO_0007800 not found on Wikidata!
2023-09-09 13:40:07,268 - WARNING - EFO_0007822 not found on Wikidata!
2023-09-09 13:40:07,268 - WARNING - EFO_0007984 not found on Wikidata!
2023-09-09 13:40:07,268 - WARNING - EFO_0007985 not found on Wikidata!
2023-09-09 13:40:07,268 - WARNING - EFO_0007986 not found on Wikidata!
2023-09-09 13:40:18,850 - WARNING - EFO_0009015 not found on Wikidata!
2023-09-09 13:40:18,851 - WARNING - EFO_0009016 not found on Wikidata!
2023-09-09 13:40:18,851 - WARNING - EFO_0009017 not found on Wikidata!
2023-09-09 13:40:18,852 - WARNING - EFO_0009018 not found on Wikidata!
2023-09-09 13:40:18,852 - WARNING - EFO_0009019 not found on Wikidata!
2023-09-09 13:40:18,853 - WARNING - EFO_0009020 not found on Wikidata!
2023-09-09 13:40:18,853 - WARNING - EFO_0009021 not found on Wikidata!
2023-09-09 13:40:18,854 - WARNING - EFO_0009022 not found on Wikidata!
2023-09-09 13:40:18,855 - WARNING - EFO_0009023 not found on Wikidata!
2023-09-09 13:40:18,855 - WARNING - EFO_0009024 not found on Wikidata!
2023-09-09 13:40:18,856 - WARNING - EFO_0009025 not found on Wikidata!
2023-09-09 13:40:18,856 - WARNING - EFO_0009026 not found on Wikidata!
2023-09-09 13:40:18,857 - WARNING - EFO_0009027 not found on Wikidata!
2023-09-09 13:40:21,500 - WARNING - EFO_0009030 not found on Wikidata!
2023-09-09 13:40:21,500 - WARNING - EFO_0009031 not found on Wikidata!
2023-09-09 13:40:21,500 - WARNING - EFO_0009032 not found on Wikidata!
2023-09-09 13:40:21,500 - WARNING - EFO_0009033 not found on Wikidata!
2023-09-09 13:40:21,500 - WARNING - EFO_0009034 not found on Wikidata!
2023-09-09 13:40:21,500 - WARNING - EFO_0009036 not found on Wikidata!
2023-09-09 13:40:21,500 - WARNING - EFO_0009037 not found on Wikidata!
2023-09-09 13:40:21,500 - WARNING - EFO_0009038 not found on Wikidata!
2023-09-09 13:40:21,501 - WARNING - EFO_0009040 not found on Wikidata!
2023-09-09 13:40:21,501 - WARNING - EFO_0009041 not found on Wikidata!
2023-09-09 13:40:21,501 - WARNING - EFO_0009043 not found on Wikidata!
2023-09-09 13:40:21,501 - WARNING - EFO_0009044 not found on Wikidata!
2023-09-09 13:40:21,501 - WARNING - EFO_0009045 not found on Wikidata!
2023-09-09 13:40:21,501 - WARNING - EFO_0009046 not found on Wikidata!
2023-09-09 13:40:21,501 - WARNING - EFO_0009048 not found on Wikidata!
2023-09-09 13:40:21,501 - WARNING - EFO_0009049 not found on Wikidata!
2023-09-09 13:40:21,501 - WARNING - EFO_0009050 not found on Wikidata!
2023-09-09 13:40:24,231 - WARNING - EFO_0009055 not found on Wikidata!
2023-09-09 13:40:26,418 - WARNING - EFO_0009061 not found on Wikidata!
2023-09-09 13:40:26,419 - WARNING - EFO_0009062 not found on Wikidata!
2023-09-09 13:40:26,419 - WARNING - EFO_0009063 not found on Wikidata!
2023-09-09 13:40:26,419 - WARNING - EFO_0009064 not found on Wikidata!
2023-09-09 13:40:28,569 - WARNING - EFO_0009070 not found on Wikidata!
2023-09-09 13:40:30,917 - WARNING - EFO_0009075 not found on Wikidata!
2023-09-09 13:40:30,917 - WARNING - EFO_0009080 not found on Wikidata!
2023-09-09 13:40:30,917 - WARNING - EFO_0009081 not found on Wikidata!
2023-09-09 13:40:33,581 - WARNING - EFO_0009136 not found on Wikidata!
2023-09-09 13:40:33,582 - WARNING - EFO_0009137 not found on Wikidata!
2023-09-09 13:40:36,210 - WARNING - EFO_0009146 not found on Wikidata!
2023-09-09 13:40:40,953 - WARNING - EFO_0009150 not found on Wikidata!
2023-09-09 13:40:53,857 - WARNING - EFO_0009159 not found on Wikidata!
2023-09-09 13:41:03,684 - WARNING - EFO_0009270 not found on Wikidata!
2023-09-09 13:41:03,684 - WARNING - EFO_0009295 not found on Wikidata!
2023-09-09 13:41:06,586 - WARNING - EFO_0009300 not found on Wikidata!
2023-09-09 13:41:11,054 - WARNING - EFO_0009316 not found on Wikidata!
2023-09-09 13:41:11,055 - WARNING - EFO_0009383 not found on Wikidata!
2023-09-09 13:41:17,964 - WARNING - EFO_0009647 not found on Wikidata!
2023-09-09 13:41:23,757 - WARNING - EFO_0010249 not found on Wikidata!
2023-09-09 13:41:23,758 - WARNING - EFO_0010252 not found on Wikidata!
2023-09-09 13:41:23,758 - WARNING - EFO_0010255 not found on Wikidata!
2023-09-09 13:41:23,758 - WARNING - EFO_0010256 not found on Wikidata!
2023-09-09 13:41:23,759 - WARNING - EFO_0010264 not found on Wikidata!
2023-09-09 13:41:23,759 - WARNING - EFO_0010268 not found on Wikidata!
2023-09-09 13:41:23,759 - WARNING - EFO_0010276 not found on Wikidata!
2023-09-09 13:41:23,759 - WARNING - EFO_0010277 not found on Wikidata!
2023-09-09 13:41:25,807 - WARNING - EFO_0010561 not found on Wikidata!
2023-09-09 13:41:25,807 - WARNING - EFO_0010563 not found on Wikidata!
2023-09-09 13:41:25,807 - WARNING - EFO_0010568 not found on Wikidata!
2023-09-09 13:41:25,807 - WARNING - EFO_0010635 not found on Wikidata!
2023-09-09 13:41:25,808 - WARNING - EFO_0010643 not found on Wikidata!
2023-09-09 13:41:25,808 - WARNING - EFO_0010653 not found on Wikidata!
2023-09-09 13:41:25,808 - WARNING - EFO_0010658 not found on Wikidata!
2023-09-09 13:41:25,808 - WARNING - EFO_0010663 not found on Wikidata!
2023-09-09 13:41:25,808 - WARNING - EFO_0010700 not found on Wikidata!
2023-09-09 13:41:25,808 - WARNING - EFO_0010740 not found on Wikidata!
2023-09-09 13:41:25,808 - WARNING - EFO_0011011 not found on Wikidata!
2023-09-09 13:41:25,808 - WARNING - EFO_0020000 not found on Wikidata!
2023-09-09 13:41:37,483 - WARNING - EFO_1000120 not found on Wikidata!
2023-09-09 13:41:37,483 - WARNING - EFO_1000177 not found on Wikidata!
2023-09-09 13:42:28,482 - WARNING - EFO_1001500 not found on Wikidata!
2023-09-09 13:43:01,244 - WARNING - HP_0000545 not found on Wikidata!
2023-09-09 13:43:01,245 - WARNING - HP_0000790 not found on Wikidata!
2023-09-09 13:43:01,245 - WARNING - HP_0000964 not found on Wikidata!
2023-09-09 13:43:01,245 - WARNING - HP_0001249 not found on Wikidata!
2023-09-09 13:43:01,245 - WARNING - HP_0001250 not found on Wikidata!
2023-09-09 13:43:01,245 - WARNING - HP_0001258 not found on Wikidata!
2023-09-09 13:43:01,245 - WARNING - HP_0001636 not found on Wikidata!
2023-09-09 13:43:01,245 - WARNING - HP_0001657 not found on Wikidata!
2023-09-09 13:43:01,246 - WARNING - HP_0001873 not found on Wikidata!
2023-09-09 13:43:01,246 - WARNING - HP_0001915 not found on Wikidata!
2023-09-09 13:43:01,246 - WARNING - HP_0001943 not found on Wikidata!
2023-09-09 13:43:01,246 - WARNING - HP_0002110 not found on Wikidata!
2023-09-09 13:43:01,246 - WARNING - HP_0003124 not found on Wikidata!
2023-09-09 13:43:01,246 - WARNING - HP_0004936 not found on Wikidata!
2023-09-09 13:43:11,347 - WARNING - MONDO_0000141 not found on Wikidata!
2023-09-09 13:43:11,348 - WARNING - MONDO_0000170 not found on Wikidata!
2023-09-09 13:43:11,348 - WARNING - MONDO_0000171 not found on Wikidata!
2023-09-09 13:43:11,349 - WARNING - MONDO_0000179 not found on Wikidata!
2023-09-09 13:43:20,706 - WARNING - MONDO_0000902 not found on Wikidata!
2023-09-09 13:43:20,706 - WARNING - MONDO_0001056 not found on Wikidata!
2023-09-09 13:43:23,939 - WARNING - MONDO_0001586 not found on Wikidata!
2023-09-09 13:43:32,015 - WARNING - MONDO_0002244 not found on Wikidata!
2023-09-09 13:44:01,493 - WARNING - MONDO_0004979 not found on Wikidata!
2023-09-09 13:44:01,493 - WARNING - MONDO_0004985 not found on Wikidata!
2023-09-09 13:44:04,126 - WARNING - MONDO_0004992 not found on Wikidata!
2023-09-09 13:44:04,126 - WARNING - MONDO_0005090 not found on Wikidata!
2023-09-09 13:44:04,126 - WARNING - MONDO_0005129 not found on Wikidata!
2023-09-09 13:44:04,127 - WARNING - MONDO_0005148 not found on Wikidata!
2023-09-09 13:44:29,935 - WARNING - MONDO_0007037 not found on Wikidata!
2023-09-09 13:44:29,935 - WARNING - MONDO_0007039 not found on Wikidata!
2023-09-09 13:44:29,936 - WARNING - MONDO_0007041 not found on Wikidata!
2023-09-09 13:44:29,936 - WARNING - MONDO_0007042 not found on Wikidata!
2023-09-09 13:44:29,936 - WARNING - MONDO_0007043 not found on Wikidata!
2023-09-09 13:44:32,713 - WARNING - MONDO_0007057 not found on Wikidata!
2023-09-09 13:44:32,713 - WARNING - MONDO_0007064 not found on Wikidata!
2023-09-09 13:44:32,714 - WARNING - MONDO_0007068 not found on Wikidata!
2023-09-09 13:44:44,268 - WARNING - MONDO_0007086 not found on Wikidata!
2023-09-09 13:44:52,261 - WARNING - MONDO_0007124 not found on Wikidata!
2023-09-09 13:44:54,442 - WARNING - MONDO_0007158 not found on Wikidata!
2023-09-09 13:44:59,217 - WARNING - MONDO_0007167 not found on Wikidata!
2023-09-09 13:45:04,134 - WARNING - MONDO_0007187 not found on Wikidata!
2023-09-09 13:45:04,134 - WARNING - MONDO_0007201 not found on Wikidata!
2023-09-09 13:45:09,010 - WARNING - MONDO_0007215 not found on Wikidata!
2023-09-09 13:45:27,484 - WARNING - MONDO_0007251 not found on Wikidata!
2023-09-09 13:45:27,484 - WARNING - MONDO_0007252 not found on Wikidata!
2023-09-09 13:45:27,485 - WARNING - MONDO_0007254 not found on Wikidata!
2023-09-09 13:45:32,704 - WARNING - MONDO_0007269 not found on Wikidata!
2023-09-09 13:45:37,723 - WARNING - MONDO_0007293 not found on Wikidata!
2023-09-09 13:45:37,723 - WARNING - MONDO_0007295 not found on Wikidata!
2023-09-09 13:45:40,385 - WARNING - MONDO_0007307 not found on Wikidata!
2023-09-09 13:45:40,385 - WARNING - MONDO_0007309 not found on Wikidata!
2023-09-09 13:45:52,675 - WARNING - MONDO_0007340 not found on Wikidata!
2023-09-09 13:45:55,362 - WARNING - MONDO_0007349 not found on Wikidata!
2023-09-09 13:46:00,662 - WARNING - MONDO_0007363 not found on Wikidata!
2023-09-09 13:46:00,662 - WARNING - MONDO_0007369 not found on Wikidata!
2023-09-09 13:46:07,829 - WARNING - MONDO_0007380 not found on Wikidata!
2023-09-09 13:46:12,746 - WARNING - MONDO_0007399 not found on Wikidata!
2023-09-09 13:46:26,677 - WARNING - MONDO_0007415 not found on Wikidata!
2023-09-09 13:46:26,677 - WARNING - MONDO_0007417 not found on Wikidata!
2023-09-09 13:46:28,885 - WARNING - MONDO_0007424 not found on Wikidata!
2023-09-09 13:46:31,045 - WARNING - MONDO_0007441 not found on Wikidata!
2023-09-09 13:46:31,045 - WARNING - MONDO_0007442 not found on Wikidata!
2023-09-09 13:46:33,154 - WARNING - MONDO_0007450 not found on Wikidata!
2023-09-09 13:46:33,155 - WARNING - MONDO_0007451 not found on Wikidata!
2023-09-09 13:46:33,155 - WARNING - MONDO_0007481 not found on Wikidata!
2023-09-09 13:46:35,580 - WARNING - MONDO_0007492 not found on Wikidata!
2023-09-09 13:46:35,580 - WARNING - MONDO_0007495 not found on Wikidata!
2023-09-09 13:46:37,935 - WARNING - MONDO_0007509 not found on Wikidata!
2023-09-09 13:46:40,599 - WARNING - MONDO_0007522 not found on Wikidata!
2023-09-09 13:46:42,987 - WARNING - MONDO_0007533 not found on Wikidata!
2023-09-09 13:46:42,987 - WARNING - MONDO_0007534 not found on Wikidata!
2023-09-09 13:46:42,988 - WARNING - MONDO_0007538 not found on Wikidata!
2023-09-09 13:46:51,042 - WARNING - MONDO_0007549 not found on Wikidata!
2023-09-09 13:47:02,002 - WARNING - MONDO_0007561 not found on Wikidata!
2023-09-09 13:47:06,814 - WARNING - MONDO_0007571 not found on Wikidata!
2023-09-09 13:47:13,776 - WARNING - MONDO_0007606 not found on Wikidata!
2023-09-09 13:47:25,861 - WARNING - MONDO_0007639 not found on Wikidata!
2023-09-09 13:47:30,366 - WARNING - MONDO_0007648 not found on Wikidata!
2023-09-09 13:47:33,060 - WARNING - MONDO_0007664 not found on Wikidata!
2023-09-09 13:47:33,061 - WARNING - MONDO_0007669 not found on Wikidata!
2023-09-09 13:47:33,061 - WARNING - MONDO_0007672 not found on Wikidata!
2023-09-09 13:47:35,202 - WARNING - MONDO_0007686 not found on Wikidata!
2023-09-09 13:48:02,624 - WARNING - MONDO_0007750 not found on Wikidata!
2023-09-09 13:48:06,106 - WARNING - MONDO_0007758 not found on Wikidata!
2023-09-09 13:48:08,536 - WARNING - MONDO_0007764 not found on Wikidata!
2023-09-09 13:48:08,536 - WARNING - MONDO_0007768 not found on Wikidata!
2023-09-09 13:48:11,018 - WARNING - MONDO_0007790 not found on Wikidata!
2023-09-09 13:48:11,018 - WARNING - MONDO_0007791 not found on Wikidata!
2023-09-09 13:48:11,018 - WARNING - MONDO_0007793 not found on Wikidata!
2023-09-09 13:48:17,475 - WARNING - MONDO_0007818 not found on Wikidata!
2023-09-09 13:48:17,476 - WARNING - MONDO_0007819 not found on Wikidata!
2023-09-09 13:48:21,568 - WARNING - MONDO_0007844 not found on Wikidata!
2023-09-09 13:48:26,896 - WARNING - MONDO_0007862 not found on Wikidata!
2023-09-09 13:48:46,762 - WARNING - MONDO_0007893 not found on Wikidata!
2023-09-09 13:48:51,883 - WARNING - MONDO_0007906 not found on Wikidata!
2023-09-09 13:48:51,883 - WARNING - MONDO_0007915 not found on Wikidata!
2023-09-09 13:49:03,979 - WARNING - MONDO_0007947 not found on Wikidata!
2023-09-09 13:49:09,497 - WARNING - MONDO_0007964 not found on Wikidata!
2023-09-09 13:49:12,058 - WARNING - MONDO_0007982 not found on Wikidata!
2023-09-09 13:49:19,334 - WARNING - MONDO_0008002 not found on Wikidata!
2023-09-09 13:49:33,251 - WARNING - MONDO_0008029 not found on Wikidata!
2023-09-09 13:49:40,423 - WARNING - MONDO_0008048 not found on Wikidata!
2023-09-09 13:49:40,423 - WARNING - MONDO_0008050 not found on Wikidata!
2023-09-09 13:49:54,558 - WARNING - MONDO_0008073 not found on Wikidata!
2023-09-09 13:49:54,559 - WARNING - MONDO_0008075 not found on Wikidata!
2023-09-09 13:50:04,592 - WARNING - MONDO_0008093 not found on Wikidata!
2023-09-09 13:50:09,505 - WARNING - MONDO_0008115 not found on Wikidata!
2023-09-09 13:50:09,505 - WARNING - MONDO_0008123 not found on Wikidata!
2023-09-09 13:50:16,310 - WARNING - MONDO_0008146 not found on Wikidata!
2023-09-09 13:50:16,311 - WARNING - MONDO_0008147 not found on Wikidata!
2023-09-09 13:50:16,311 - WARNING - MONDO_0008148 not found on Wikidata!
2023-09-09 13:50:29,943 - WARNING - MONDO_0008157 not found on Wikidata!
2023-09-09 13:50:33,934 - WARNING - MONDO_0008165 not found on Wikidata!
2023-09-09 13:50:33,934 - WARNING - MONDO_0008170 not found on Wikidata!
2023-09-09 13:50:36,336 - WARNING - MONDO_0008185 not found on Wikidata!
2023-09-09 13:50:43,505 - WARNING - MONDO_0008210 not found on Wikidata!
2023-09-09 13:50:43,505 - WARNING - MONDO_0008218 not found on Wikidata!
2023-09-09 13:50:49,037 - WARNING - MONDO_0008223 not found on Wikidata!
2023-09-09 13:50:49,037 - WARNING - MONDO_0008224 not found on Wikidata!
2023-09-09 13:50:57,227 - WARNING - MONDO_0008250 not found on Wikidata!
2023-09-09 13:50:57,227 - WARNING - MONDO_0008259 not found on Wikidata!
2023-09-09 13:50:57,227 - WARNING - MONDO_0008260 not found on Wikidata!
2023-09-09 13:50:57,227 - WARNING - MONDO_0008265 not found on Wikidata!
2023-09-09 13:50:59,653 - WARNING - MONDO_0008270 not found on Wikidata!
2023-09-09 13:50:59,653 - WARNING - MONDO_0008272 not found on Wikidata!
2023-09-09 13:51:01,969 - WARNING - MONDO_0008280 not found on Wikidata!
2023-09-09 13:51:04,478 - WARNING - MONDO_0008289 not found on Wikidata!
2023-09-09 13:51:04,479 - WARNING - MONDO_0008294 not found on Wikidata!
2023-09-09 13:51:12,797 - WARNING - MONDO_0008315 not found on Wikidata!
2023-09-09 13:51:20,150 - WARNING - MONDO_0008329 not found on Wikidata!
2023-09-09 13:51:22,639 - WARNING - MONDO_0008338 not found on Wikidata!
2023-09-09 13:51:22,639 - WARNING - MONDO_0008368 not found on Wikidata!
2023-09-09 13:51:22,640 - WARNING - MONDO_0008380 not found on Wikidata!
2023-09-09 13:51:25,081 - WARNING - MONDO_0008393 not found on Wikidata!
2023-09-09 13:51:33,487 - WARNING - MONDO_0008426 not found on Wikidata!
2023-09-09 13:51:33,487 - WARNING - MONDO_0008428 not found on Wikidata!
2023-09-09 13:52:04,935 - WARNING - MONDO_0008493 not found on Wikidata!
2023-09-09 13:52:12,804 - WARNING - MONDO_0008513 not found on Wikidata!
2023-09-09 13:52:12,804 - WARNING - MONDO_0008514 not found on Wikidata!
2023-09-09 13:52:12,804 - WARNING - MONDO_0008516 not found on Wikidata!
2023-09-09 13:52:12,804 - WARNING - MONDO_0008521 not found on Wikidata!
2023-09-09 13:52:22,428 - WARNING - MONDO_0008553 not found on Wikidata!
2023-09-09 13:52:26,941 - WARNING - MONDO_0008596 not found on Wikidata!
2023-09-09 13:52:26,941 - WARNING - MONDO_0008597 not found on Wikidata!
2023-09-09 13:52:39,841 - WARNING - MONDO_0008668 not found on Wikidata!
2023-09-09 13:52:39,841 - WARNING - MONDO_0008670 not found on Wikidata!
2023-09-09 13:52:43,280 - WARNING - MONDO_0008679 not found on Wikidata!
2023-09-09 13:52:52,534 - WARNING - MONDO_0008702 not found on Wikidata!
2023-09-09 13:53:04,620 - WARNING - MONDO_0008725 not found on Wikidata!
2023-09-09 13:53:04,621 - WARNING - MONDO_0008727 not found on Wikidata!
2023-09-09 13:53:04,621 - WARNING - MONDO_0008728 not found on Wikidata!
2023-09-09 13:53:04,621 - WARNING - MONDO_0008729 not found on Wikidata!
2023-09-09 13:53:04,621 - WARNING - MONDO_0008730 not found on Wikidata!
2023-09-09 13:53:04,621 - WARNING - MONDO_0008733 not found on Wikidata!
2023-09-09 13:53:04,621 - WARNING - MONDO_0008737 not found on Wikidata!
2023-09-09 13:53:04,622 - WARNING - MONDO_0008745 not found on Wikidata!
2023-09-09 13:53:04,622 - WARNING - MONDO_0008746 not found on Wikidata!
2023-09-09 13:53:04,622 - WARNING - MONDO_0008747 not found on Wikidata!
2023-09-09 13:53:10,154 - WARNING - MONDO_0008758 not found on Wikidata!
2023-09-09 13:53:12,814 - WARNING - MONDO_0008762 not found on Wikidata!
2023-09-09 13:53:12,814 - WARNING - MONDO_0008763 not found on Wikidata!
2023-09-09 13:53:15,716 - WARNING - ENSG00000128973 not found on Wikidata!
2023-09-09 13:53:31,864 - WARNING - MONDO_0008787 not found on Wikidata!
2023-09-09 13:53:31,864 - WARNING - MONDO_0008788 not found on Wikidata!
2023-09-09 13:53:34,625 - WARNING - MONDO_0008798 not found on Wikidata!
2023-09-09 13:53:34,626 - WARNING - MONDO_0008799 not found on Wikidata!
2023-09-09 13:53:49,770 - WARNING - MONDO_0008824 not found on Wikidata!
2023-09-09 13:53:54,699 - WARNING - MONDO_0008832 not found on Wikidata!
2023-09-09 13:54:04,832 - WARNING - MONDO_0008855 not found on Wikidata!
2023-09-09 13:54:07,283 - WARNING - MONDO_0008862 not found on Wikidata!
2023-09-09 13:54:13,539 - WARNING - MONDO_0008869 not found on Wikidata!
2023-09-09 13:54:18,762 - WARNING - MONDO_0008887 not found on Wikidata!
2023-09-09 13:54:18,762 - WARNING - MONDO_0008891 not found on Wikidata!
2023-09-09 13:54:18,763 - WARNING - MONDO_0008892 not found on Wikidata!
2023-09-09 13:54:18,763 - WARNING - MONDO_0008903 not found on Wikidata!
2023-09-09 13:54:18,763 - WARNING - MONDO_0008907 not found on Wikidata!
2023-09-09 13:54:29,209 - WARNING - MONDO_0008922 not found on Wikidata!
2023-09-09 13:54:37,927 - WARNING - MONDO_0008947 not found on Wikidata!
2023-09-09 13:54:40,296 - WARNING - MONDO_0008961 not found on Wikidata!
2023-09-09 13:54:42,935 - WARNING - MONDO_0008964 not found on Wikidata!
2023-09-09 13:54:55,424 - WARNING - MONDO_0008988 not found on Wikidata!
2023-09-09 13:55:10,784 - WARNING - MONDO_0009020 not found on Wikidata!
2023-09-09 13:55:10,785 - WARNING - MONDO_0009025 not found on Wikidata!
2023-09-09 13:55:13,661 - WARNING - MONDO_0009032 not found on Wikidata!
2023-09-09 13:55:26,558 - WARNING - MONDO_0009053 not found on Wikidata!
2023-09-09 13:55:36,589 - WARNING - MONDO_0009067 not found on Wikidata!
2023-09-09 13:55:40,176 - WARNING - MONDO_0009069 not found on Wikidata!
2023-09-09 13:55:42,438 - WARNING - MONDO_0009079 not found on Wikidata!
2023-09-09 13:55:42,438 - WARNING - MONDO_0009091 not found on Wikidata!
2023-09-09 13:55:42,438 - WARNING - MONDO_0009097 not found on Wikidata!
2023-09-09 13:55:51,946 - WARNING - MONDO_0009112 not found on Wikidata!
2023-09-09 13:56:01,394 - WARNING - MONDO_0009134 not found on Wikidata!
2023-09-09 13:56:08,220 - WARNING - ENSG00000087116 not found on Wikidata!
2023-09-09 13:56:20,751 - WARNING - MONDO_0009179 not found on Wikidata!
2023-09-09 13:56:20,752 - WARNING - MONDO_0009180 not found on Wikidata!
2023-09-09 13:56:23,391 - WARNING - MONDO_0009182 not found on Wikidata!
2023-09-09 13:56:23,392 - WARNING - MONDO_0009183 not found on Wikidata!
2023-09-09 13:56:26,072 - WARNING - MONDO_0009189 not found on Wikidata!
2023-09-09 13:56:32,914 - WARNING - MONDO_0009212 not found on Wikidata!
2023-09-09 13:56:39,263 - WARNING - MONDO_0009218 not found on Wikidata!
2023-09-09 13:56:39,263 - WARNING - MONDO_0009229 not found on Wikidata!
2023-09-09 13:56:51,719 - WARNING - ENSG00000138738 not found on Wikidata!
2023-09-09 13:57:00,975 - WARNING - MONDO_0009255 not found on Wikidata!
2023-09-09 13:57:00,975 - WARNING - MONDO_0009257 not found on Wikidata!
2023-09-09 13:57:00,976 - WARNING - MONDO_0009258 not found on Wikidata!
2023-09-09 13:57:13,773 - WARNING - MONDO_0009265 not found on Wikidata!
2023-09-09 13:57:13,773 - WARNING - MONDO_0009266 not found on Wikidata!
2023-09-09 13:57:13,773 - WARNING - MONDO_0009267 not found on Wikidata!
2023-09-09 13:57:18,998 - WARNING - MONDO_0009273 not found on Wikidata!
2023-09-09 13:57:21,144 - WARNING - MONDO_0009276 not found on Wikidata!
2023-09-09 13:57:21,144 - WARNING - MONDO_0009279 not found on Wikidata!
2023-09-09 13:57:36,410 - WARNING - MONDO_0009291 not found on Wikidata!
2023-09-09 13:57:36,410 - WARNING - MONDO_0009292 not found on Wikidata!
2023-09-09 13:57:36,700 - WARNING - ENSG00000068976 not found on Wikidata!
2023-09-09 13:58:03,442 - WARNING - MONDO_0009352 not found on Wikidata!
2023-09-09 13:58:03,443 - WARNING - MONDO_0009353 not found on Wikidata!
2023-09-09 13:58:11,866 - WARNING - ENSG00000125863 not found on Wikidata!
2023-09-09 13:58:12,475 - WARNING - MONDO_0009370 not found on Wikidata!
2023-09-09 13:58:22,900 - WARNING - MONDO_0009388 not found on Wikidata!
2023-09-09 13:58:30,065 - WARNING - MONDO_0009400 not found on Wikidata!
2023-09-09 13:58:30,065 - WARNING - MONDO_0009401 not found on Wikidata!
2023-09-09 13:58:32,733 - WARNING - MONDO_0009411 not found on Wikidata!
2023-09-09 13:58:32,734 - WARNING - MONDO_0009413 not found on Wikidata!
2023-09-09 13:58:32,734 - WARNING - MONDO_0009414 not found on Wikidata!
2023-09-09 13:58:38,113 - WARNING - ENSG00000284770 not found on Wikidata!
2023-09-09 13:58:50,578 - WARNING - MONDO_0009459 not found on Wikidata!
2023-09-09 13:58:53,006 - WARNING - MONDO_0009469 not found on Wikidata!
2023-09-09 13:58:55,665 - WARNING - MONDO_0009478 not found on Wikidata!
2023-09-09 13:58:55,665 - WARNING - MONDO_0009479 not found on Wikidata!
2023-09-09 13:59:00,356 - WARNING - ENSG00000284770 not found on Wikidata!
2023-09-09 13:59:15,943 - WARNING - MONDO_0009502 not found on Wikidata!
2023-09-09 13:59:15,943 - WARNING - MONDO_0009503 not found on Wikidata!
2023-09-09 13:59:15,944 - WARNING - MONDO_0009504 not found on Wikidata!
2023-09-09 13:59:20,654 - WARNING - MONDO_0009515 not found on Wikidata!
2023-09-09 13:59:20,654 - WARNING - MONDO_0009517 not found on Wikidata!
2023-09-09 13:59:24,855 - WARNING - MONDO_0009529 not found on Wikidata!
2023-09-09 13:59:38,778 - WARNING - MONDO_0009557 not found on Wikidata!
2023-09-09 13:59:46,154 - WARNING - MONDO_0009563 not found on Wikidata!
2023-09-09 14:00:00,047 - WARNING - ENSG00000277027 not found on Wikidata!
2023-09-09 14:00:10,220 - WARNING - MONDO_0009612 not found on Wikidata!
2023-09-09 14:00:22,715 - WARNING - MONDO_0009624 not found on Wikidata!
2023-09-09 14:00:32,544 - WARNING - MONDO_0009643 not found on Wikidata!
2023-09-09 14:00:32,544 - WARNING - MONDO_0009644 not found on Wikidata!
2023-09-09 14:00:40,124 - WARNING - MONDO_0009655 not found on Wikidata!
2023-09-09 14:00:40,124 - WARNING - MONDO_0009656 not found on Wikidata!
2023-09-09 14:00:40,124 - WARNING - MONDO_0009657 not found on Wikidata!
2023-09-09 14:00:40,124 - WARNING - MONDO_0009658 not found on Wikidata!
2023-09-09 14:00:40,125 - WARNING - MONDO_0009659 not found on Wikidata!
2023-09-09 14:00:40,125 - WARNING - MONDO_0009660 not found on Wikidata!
2023-09-09 14:00:53,027 - WARNING - MONDO_0009667 not found on Wikidata!
2023-09-09 14:00:53,027 - WARNING - MONDO_0009668 not found on Wikidata!
2023-09-09 14:00:53,027 - WARNING - MONDO_0009669 not found on Wikidata!
2023-09-09 14:00:57,858 - WARNING - MONDO_0009675 not found on Wikidata!
2023-09-09 14:00:57,859 - WARNING - MONDO_0009676 not found on Wikidata!
2023-09-09 14:00:59,966 - WARNING - MONDO_0009678 not found on Wikidata!
2023-09-09 14:01:02,242 - WARNING - MONDO_0009685 not found on Wikidata!
2023-09-09 14:01:04,289 - WARNING - MONDO_0009696 not found on Wikidata!
2023-09-09 14:01:08,390 - WARNING - MONDO_0009698 not found on Wikidata!
2023-09-09 14:01:08,390 - WARNING - MONDO_0009699 not found on Wikidata!
2023-09-09 14:01:08,390 - WARNING - MONDO_0009704 not found on Wikidata!
2023-09-09 14:01:13,096 - WARNING - MONDO_0009709 not found on Wikidata!
2023-09-09 14:01:13,097 - WARNING - MONDO_0009710 not found on Wikidata!
2023-09-09 14:01:13,097 - WARNING - MONDO_0009711 not found on Wikidata!
2023-09-09 14:01:23,748 - WARNING - MONDO_0009723 not found on Wikidata!
2023-09-09 14:01:23,748 - WARNING - MONDO_0009726 not found on Wikidata!
2023-09-09 14:01:23,749 - WARNING - MONDO_0009727 not found on Wikidata!
2023-09-09 14:01:23,749 - WARNING - MONDO_0009728 not found on Wikidata!
2023-09-09 14:01:23,749 - WARNING - MONDO_0009732 not found on Wikidata!
2023-09-09 14:01:31,735 - WARNING - MONDO_0009738 not found on Wikidata!
2023-09-09 14:01:36,445 - WARNING - MONDO_0009746 not found on Wikidata!
2023-09-09 14:01:36,445 - WARNING - MONDO_0009747 not found on Wikidata!
2023-09-09 14:01:36,446 - WARNING - MONDO_0009756 not found on Wikidata!
2023-09-09 14:01:41,151 - WARNING - MONDO_0009779 not found on Wikidata!
2023-09-09 14:01:48,121 - WARNING - MONDO_0009796 not found on Wikidata!
2023-09-09 14:01:52,724 - WARNING - MONDO_0009804 not found on Wikidata!
2023-09-09 14:01:52,725 - WARNING - MONDO_0009815 not found on Wikidata!
2023-09-09 14:01:52,725 - WARNING - MONDO_0009818 not found on Wikidata!
2023-09-09 14:02:00,202 - WARNING - MONDO_0009824 not found on Wikidata!
2023-09-09 14:02:06,938 - WARNING - MONDO_0009843 not found on Wikidata!
2023-09-09 14:02:23,149 - WARNING - MONDO_0009862 not found on Wikidata!
2023-09-09 14:02:23,149 - WARNING - MONDO_0009863 not found on Wikidata!
2023-09-09 14:02:32,778 - WARNING - MONDO_0009874 not found on Wikidata!
2023-09-09 14:02:35,638 - WARNING - MONDO_0009880 not found on Wikidata!
2023-09-09 14:02:35,639 - WARNING - MONDO_0009889 not found on Wikidata!
2023-09-09 14:02:37,773 - WARNING - MONDO_0009894 not found on Wikidata!
2023-09-09 14:02:39,871 - WARNING - MONDO_0009901 not found on Wikidata!
2023-09-09 14:02:54,935 - WARNING - MONDO_0009917 not found on Wikidata!
2023-09-09 14:02:57,422 - WARNING - MONDO_0009923 not found on Wikidata!
2023-09-09 14:03:02,263 - WARNING - MONDO_0009929 not found on Wikidata!
2023-09-09 14:03:02,264 - WARNING - MONDO_0009934 not found on Wikidata!
2023-09-09 14:03:08,715 - WARNING - MONDO_0009946 not found on Wikidata!
2023-09-09 14:03:16,008 - WARNING - MONDO_0009953 not found on Wikidata!
2023-09-09 14:03:26,226 - WARNING - MONDO_0009966 not found on Wikidata!
2023-09-09 14:03:33,956 - WARNING - MONDO_0009997 not found on Wikidata!
2023-09-09 14:03:50,801 - WARNING - MONDO_0010023 not found on Wikidata!
2023-09-09 14:03:55,512 - WARNING - MONDO_0010028 not found on Wikidata!
2023-09-09 14:03:55,513 - WARNING - MONDO_0010029 not found on Wikidata!
2023-09-09 14:04:13,137 - WARNING - MONDO_0010060 not found on Wikidata!
2023-09-09 14:04:49,796 - WARNING - MONDO_0010121 not found on Wikidata!
2023-09-09 14:05:00,234 - WARNING - MONDO_0010139 not found on Wikidata!
2023-09-09 14:05:00,234 - WARNING - MONDO_0010142 not found on Wikidata!
2023-09-09 14:05:04,934 - WARNING - MONDO_0010155 not found on Wikidata!
2023-09-09 14:05:07,609 - WARNING - MONDO_0010160 not found on Wikidata!
2023-09-09 14:05:07,609 - WARNING - MONDO_0010161 not found on Wikidata!
2023-09-09 14:05:07,609 - WARNING - MONDO_0010162 not found on Wikidata!
2023-09-09 14:05:09,962 - WARNING - MONDO_0010168 not found on Wikidata!
2023-09-09 14:05:27,680 - WARNING - MONDO_0010185 not found on Wikidata!
2023-09-09 14:05:32,855 - WARNING - MONDO_0010191 not found on Wikidata!
2023-09-09 14:05:41,410 - WARNING - MONDO_0010204 not found on Wikidata!
2023-09-09 14:05:43,517 - WARNING - MONDO_0010209 not found on Wikidata!
2023-09-09 14:06:03,626 - WARNING - MONDO_0010222 not found on Wikidata!
2023-09-09 14:06:05,729 - WARNING - MONDO_0010225 not found on Wikidata!
2023-09-09 14:06:05,730 - WARNING - MONDO_0010233 not found on Wikidata!
2023-09-09 14:06:05,730 - WARNING - MONDO_0010235 not found on Wikidata!
2023-09-09 14:06:08,229 - WARNING - MONDO_0010246 not found on Wikidata!
2023-09-09 14:06:13,050 - WARNING - MONDO_0010261 not found on Wikidata!
2023-09-09 14:06:13,050 - WARNING - MONDO_0010264 not found on Wikidata!
2023-09-09 14:06:20,318 - WARNING - MONDO_0010283 not found on Wikidata!
2023-09-09 14:06:25,640 - WARNING - MONDO_0010298 not found on Wikidata!
2023-09-09 14:06:25,640 - WARNING - MONDO_0010299 not found on Wikidata!
2023-09-09 14:06:28,119 - WARNING - MONDO_0010306 not found on Wikidata!
2023-09-09 14:06:28,119 - WARNING - MONDO_0010308 not found on Wikidata!
2023-09-09 14:06:30,147 - WARNING - MONDO_0010311 not found on Wikidata!
2023-09-09 14:06:32,517 - WARNING - MONDO_0010318 not found on Wikidata!
2023-09-09 14:06:32,518 - WARNING - MONDO_0010327 not found on Wikidata!
2023-09-09 14:06:53,493 - WARNING - MONDO_0010375 not found on Wikidata!
2023-09-09 14:06:58,819 - WARNING - MONDO_0010383 not found on Wikidata!
2023-09-09 14:07:08,354 - WARNING - MONDO_0010401 not found on Wikidata!
2023-09-09 14:07:21,748 - WARNING - MONDO_0010437 not found on Wikidata!
2023-09-09 14:07:26,663 - WARNING - MONDO_0010455 not found on Wikidata!
2023-09-09 14:07:36,187 - WARNING - MONDO_0010472 not found on Wikidata!
2023-09-09 14:07:40,792 - WARNING - MONDO_0010478 not found on Wikidata!
2023-09-09 14:07:40,793 - WARNING - MONDO_0010483 not found on Wikidata!
2023-09-09 14:07:40,794 - WARNING - MONDO_0010490 not found on Wikidata!
2023-09-09 14:07:50,622 - WARNING - MONDO_0010520 not found on Wikidata!
2023-09-09 14:07:50,622 - WARNING - MONDO_0010524 not found on Wikidata!
2023-09-09 14:08:09,666 - WARNING - MONDO_0010549 not found on Wikidata!
2023-09-09 14:08:09,666 - WARNING - MONDO_0010555 not found on Wikidata!
2023-09-09 14:08:09,666 - WARNING - MONDO_0010557 not found on Wikidata!
2023-09-09 14:08:21,336 - WARNING - MONDO_0010571 not found on Wikidata!
2023-09-09 14:08:23,931 - WARNING - MONDO_0010574 not found on Wikidata!
2023-09-09 14:08:23,931 - WARNING - MONDO_0010576 not found on Wikidata!
2023-09-09 14:08:26,294 - WARNING - MONDO_0010584 not found on Wikidata!
2023-09-09 14:08:26,294 - WARNING - MONDO_0010585 not found on Wikidata!
2023-09-09 14:08:30,861 - WARNING - MONDO_0010602 not found on Wikidata!
2023-09-09 14:08:30,861 - WARNING - MONDO_0010604 not found on Wikidata!
2023-09-09 14:08:37,718 - WARNING - MONDO_0010622 not found on Wikidata!
2023-09-09 14:08:37,718 - WARNING - MONDO_0010626 not found on Wikidata!
2023-09-09 14:08:37,718 - WARNING - MONDO_0010631 not found on Wikidata!
2023-09-09 14:08:37,719 - WARNING - MONDO_0010632 not found on Wikidata!
2023-09-09 14:08:42,224 - WARNING - MONDO_0010649 not found on Wikidata!
2023-09-09 14:08:50,209 - WARNING - MONDO_0010654 not found on Wikidata!
2023-09-09 14:08:50,209 - WARNING - MONDO_0010655 not found on Wikidata!
2023-09-09 14:09:05,676 - WARNING - MONDO_0010680 not found on Wikidata!
2023-09-09 14:09:05,676 - WARNING - MONDO_0010683 not found on Wikidata!
2023-09-09 14:09:15,292 - WARNING - MONDO_0010702 not found on Wikidata!
2023-09-09 14:09:28,707 - WARNING - MONDO_0010720 not found on Wikidata!
2023-09-09 14:09:31,210 - WARNING - MONDO_0010726 not found on Wikidata!
2023-09-09 14:09:38,301 - WARNING - MONDO_0010743 not found on Wikidata!
2023-09-09 14:10:04,813 - WARNING - MONDO_0010823 not found on Wikidata!
2023-09-09 14:10:04,814 - WARNING - MONDO_0010826 not found on Wikidata!
2023-09-09 14:10:04,814 - WARNING - MONDO_0010829 not found on Wikidata!
2023-09-09 14:10:25,426 - WARNING - MONDO_0010895 not found on Wikidata!
2023-09-09 14:10:25,426 - WARNING - MONDO_0010898 not found on Wikidata!
2023-09-09 14:10:25,426 - WARNING - MONDO_0010914 not found on Wikidata!
2023-09-09 14:10:31,773 - WARNING - MONDO_0010933 not found on Wikidata!
2023-09-09 14:10:31,773 - WARNING - MONDO_0010938 not found on Wikidata!
2023-09-09 14:10:31,774 - WARNING - MONDO_0010939 not found on Wikidata!
2023-09-09 14:10:43,650 - WARNING - MONDO_0010966 not found on Wikidata!
2023-09-09 14:10:43,651 - WARNING - MONDO_0010976 not found on Wikidata!
2023-09-09 14:10:56,345 - WARNING - MONDO_0010998 not found on Wikidata!
2023-09-09 14:10:56,346 - WARNING - MONDO_0011010 not found on Wikidata!
2023-09-09 14:10:56,346 - WARNING - MONDO_0011013 not found on Wikidata!
2023-09-09 14:11:10,884 - WARNING - MONDO_0011035 not found on Wikidata!
2023-09-09 14:11:16,209 - WARNING - MONDO_0011060 not found on Wikidata!
2023-09-09 14:11:18,974 - WARNING - MONDO_0011076 not found on Wikidata!
2023-09-09 14:11:37,507 - WARNING - MONDO_0011113 not found on Wikidata!
2023-09-09 14:11:45,138 - WARNING - ENSG00000128973 not found on Wikidata!
2023-09-09 14:11:52,658 - WARNING - MONDO_0011156 not found on Wikidata!
2023-09-09 14:11:54,933 - WARNING - MONDO_0011173 not found on Wikidata!
2023-09-09 14:12:14,224 - WARNING - MONDO_0011214 not found on Wikidata!
2023-09-09 14:12:16,304 - WARNING - MONDO_0011216 not found on Wikidata!
2023-09-09 14:12:21,943 - WARNING - MONDO_0011225 not found on Wikidata!
2023-09-09 14:12:39,247 - WARNING - MONDO_0011257 not found on Wikidata!
2023-09-09 14:12:39,247 - WARNING - MONDO_0011264 not found on Wikidata!
2023-09-09 14:12:39,248 - WARNING - MONDO_0011271 not found on Wikidata!
2023-09-09 14:12:39,248 - WARNING - MONDO_0011273 not found on Wikidata!
2023-09-09 14:12:46,929 - WARNING - MONDO_0011291 not found on Wikidata!
2023-09-09 14:12:49,347 - WARNING - MONDO_0011301 not found on Wikidata!
2023-09-09 14:12:49,347 - WARNING - MONDO_0011303 not found on Wikidata!
2023-09-09 14:13:06,382 - WARNING - MONDO_0011342 not found on Wikidata!
2023-09-09 14:13:06,383 - WARNING - MONDO_0011346 not found on Wikidata!
2023-09-09 14:13:22,150 - WARNING - MONDO_0011380 not found on Wikidata!
2023-09-09 14:13:24,358 - WARNING - MONDO_0011382 not found on Wikidata!
2023-09-09 14:13:24,358 - WARNING - MONDO_0011391 not found on Wikidata!
2023-09-09 14:13:24,359 - WARNING - MONDO_0011393 not found on Wikidata!
2023-09-09 14:13:39,965 - WARNING - MONDO_0011414 not found on Wikidata!
2023-09-09 14:13:51,436 - WARNING - MONDO_0011428 not found on Wikidata!
2023-09-09 14:13:51,437 - WARNING - MONDO_0011430 not found on Wikidata!
2023-09-09 14:13:51,437 - WARNING - MONDO_0011431 not found on Wikidata!
2023-09-09 14:13:59,419 - WARNING - MONDO_0011449 not found on Wikidata!
2023-09-09 14:14:12,007 - WARNING - MONDO_0011468 not found on Wikidata!
2023-09-09 14:14:19,695 - WARNING - MONDO_0011476 not found on Wikidata!
2023-09-09 14:14:19,695 - WARNING - MONDO_0011484 not found on Wikidata!
2023-09-09 14:14:29,625 - WARNING - MONDO_0011512 not found on Wikidata!
2023-09-09 14:14:41,607 - WARNING - MONDO_0011534 not found on Wikidata!
2023-09-09 14:14:51,041 - WARNING - MONDO_0011559 not found on Wikidata!
2023-09-09 14:14:55,735 - WARNING - MONDO_0011576 not found on Wikidata!
2023-09-09 14:14:55,735 - WARNING - MONDO_0011577 not found on Wikidata!
2023-09-09 14:14:55,736 - WARNING - MONDO_0011581 not found on Wikidata!
2023-09-09 14:14:58,102 - WARNING - MONDO_0011583 not found on Wikidata!
2023-09-09 14:15:00,652 - WARNING - MONDO_0011601 not found on Wikidata!
2023-09-09 14:15:00,652 - WARNING - MONDO_0011603 not found on Wikidata!
2023-09-09 14:15:16,219 - WARNING - MONDO_0011629 not found on Wikidata!
2023-09-09 14:15:34,544 - WARNING - MONDO_0011668 not found on Wikidata!
2023-09-09 14:15:37,204 - WARNING - MONDO_0011674 not found on Wikidata!
2023-09-09 14:15:37,205 - WARNING - MONDO_0011683 not found on Wikidata!
2023-09-09 14:15:42,735 - WARNING - MONDO_0011688 not found on Wikidata!
2023-09-09 14:16:03,117 - WARNING - MONDO_0011721 not found on Wikidata!
2023-09-09 14:16:10,757 - WARNING - ENSG00000100170 not found on Wikidata!
2023-09-09 14:16:26,869 - WARNING - MONDO_0011749 not found on Wikidata!
2023-09-09 14:16:26,870 - WARNING - MONDO_0011758 not found on Wikidata!
2023-09-09 14:16:26,870 - WARNING - MONDO_0011759 not found on Wikidata!
2023-09-09 14:16:26,870 - WARNING - MONDO_0011760 not found on Wikidata!
2023-09-09 14:16:26,870 - WARNING - MONDO_0011765 not found on Wikidata!
2023-09-09 14:16:26,871 - WARNING - MONDO_0011772 not found on Wikidata!
2023-09-09 14:16:27,158 - WARNING - ENSG00000277027 not found on Wikidata!
2023-09-09 14:16:30,351 - WARNING - MONDO_0011783 not found on Wikidata!
2023-09-09 14:16:32,998 - WARNING - MONDO_0011789 not found on Wikidata!
2023-09-09 14:16:47,929 - WARNING - MONDO_0011812 not found on Wikidata!
2023-09-09 14:17:10,587 - WARNING - MONDO_0011841 not found on Wikidata!
2023-09-09 14:17:13,148 - WARNING - MONDO_0011871 not found on Wikidata!
2023-09-09 14:17:13,148 - WARNING - MONDO_0011872 not found on Wikidata!
2023-09-09 14:17:13,148 - WARNING - MONDO_0011874 not found on Wikidata!
2023-09-09 14:17:23,938 - WARNING - MONDO_0011897 not found on Wikidata!
2023-09-09 14:17:37,517 - WARNING - MONDO_0011916 not found on Wikidata!
2023-09-09 14:17:40,302 - WARNING - MONDO_0011936 not found on Wikidata!
2023-09-09 14:17:42,328 - WARNING - MONDO_0011945 not found on Wikidata!
2023-09-09 14:17:47,146 - WARNING - MONDO_0011962 not found on Wikidata!
2023-09-09 14:17:47,146 - WARNING - MONDO_0011964 not found on Wikidata!
2023-09-09 14:17:49,498 - WARNING - MONDO_0011969 not found on Wikidata!
2023-09-09 14:17:58,305 - WARNING - MONDO_0012013 not found on Wikidata!
2023-09-09 14:18:00,958 - WARNING - MONDO_0012041 not found on Wikidata!
2023-09-09 14:18:00,958 - WARNING - MONDO_0012052 not found on Wikidata!
2023-09-09 14:18:00,958 - WARNING - MONDO_0012061 not found on Wikidata!
2023-09-09 14:18:05,515 - WARNING - MONDO_0012074 not found on Wikidata!
2023-09-09 14:18:12,741 - WARNING - MONDO_0012089 not found on Wikidata!
2023-09-09 14:18:12,741 - WARNING - MONDO_0012092 not found on Wikidata!
2023-09-09 14:18:19,001 - WARNING - MONDO_0012117 not found on Wikidata!
2023-09-09 14:18:19,001 - WARNING - MONDO_0012118 not found on Wikidata!
2023-09-09 14:18:19,002 - WARNING - MONDO_0012120 not found on Wikidata!
2023-09-09 14:18:19,002 - WARNING - MONDO_0012123 not found on Wikidata!
2023-09-09 14:18:19,003 - WARNING - MONDO_0012125 not found on Wikidata!
2023-09-09 14:18:24,107 - WARNING - MONDO_0012136 not found on Wikidata!
2023-09-09 14:18:30,969 - WARNING - MONDO_0012163 not found on Wikidata!
2023-09-09 14:18:35,978 - WARNING - MONDO_0012172 not found on Wikidata!
2023-09-09 14:18:35,978 - WARNING - MONDO_0012173 not found on Wikidata!
2023-09-09 14:18:47,762 - WARNING - MONDO_0012191 not found on Wikidata!
2023-09-09 14:18:49,856 - WARNING - MONDO_0012197 not found on Wikidata!
2023-09-09 14:18:52,165 - WARNING - MONDO_0012203 not found on Wikidata!
2023-09-09 14:18:56,567 - WARNING - MONDO_0012211 not found on Wikidata!
2023-09-09 14:18:58,789 - WARNING - MONDO_0012215 not found on Wikidata!
2023-09-09 14:19:00,812 - WARNING - MONDO_0012221 not found on Wikidata!
2023-09-09 14:19:00,813 - WARNING - MONDO_0012222 not found on Wikidata!
2023-09-09 14:19:00,813 - WARNING - MONDO_0012231 not found on Wikidata!
2023-09-09 14:19:07,422 - WARNING - MONDO_0012250 not found on Wikidata!
2023-09-09 14:19:29,768 - WARNING - MONDO_0012320 not found on Wikidata!
2023-09-09 14:19:36,003 - WARNING - MONDO_0012350 not found on Wikidata!
2023-09-09 14:19:47,872 - WARNING - MONDO_0012399 not found on Wikidata!
2023-09-09 14:19:47,872 - WARNING - MONDO_0012400 not found on Wikidata!
2023-09-09 14:19:50,331 - WARNING - MONDO_0012413 not found on Wikidata!
2023-09-09 14:20:01,920 - WARNING - MONDO_0012439 not found on Wikidata!
2023-09-09 14:20:08,354 - WARNING - MONDO_0012456 not found on Wikidata!
2023-09-09 14:20:08,354 - WARNING - MONDO_0012475 not found on Wikidata!
2023-09-09 14:20:21,251 - WARNING - MONDO_0012512 not found on Wikidata!
2023-09-09 14:20:23,542 - WARNING - MONDO_0012517 not found on Wikidata!
2023-09-09 14:20:23,542 - WARNING - MONDO_0012520 not found on Wikidata!
2023-09-09 14:20:25,549 - WARNING - MONDO_0012526 not found on Wikidata!
2023-09-09 14:20:27,852 - WARNING - MONDO_0012534 not found on Wikidata!
2023-09-09 14:20:37,042 - WARNING - MONDO_0012548 not found on Wikidata!
2023-09-09 14:20:42,653 - WARNING - MONDO_0012556 not found on Wikidata!
2023-09-09 14:20:42,653 - WARNING - MONDO_0012561 not found on Wikidata!
2023-09-09 14:21:02,211 - WARNING - MONDO_0012605 not found on Wikidata!
2023-09-09 14:21:12,556 - WARNING - MONDO_0012635 not found on Wikidata!
2023-09-09 14:21:12,556 - WARNING - MONDO_0012637 not found on Wikidata!
2023-09-09 14:21:42,454 - WARNING - MONDO_0012693 not found on Wikidata!
2023-09-09 14:21:54,539 - WARNING - MONDO_0012718 not found on Wikidata!
2023-09-09 14:22:13,175 - WARNING - MONDO_0012783 not found on Wikidata!
2023-09-09 14:22:41,230 - WARNING - MONDO_0012824 not found on Wikidata!
2023-09-09 14:23:02,042 - WARNING - MONDO_0012885 not found on Wikidata!
2023-09-09 14:23:06,774 - WARNING - MONDO_0012905 not found on Wikidata!
2023-09-09 14:23:06,775 - WARNING - MONDO_0012911 not found on Wikidata!
2023-09-09 14:23:09,597 - WARNING - MONDO_0012930 not found on Wikidata!
2023-09-09 14:23:14,202 - WARNING - MONDO_0012967 not found on Wikidata!
2023-09-09 14:23:29,769 - WARNING - MONDO_0013000 not found on Wikidata!
2023-09-09 14:23:38,573 - WARNING - MONDO_0013016 not found on Wikidata!
2023-09-09 14:23:59,259 - WARNING - MONDO_0013049 not found on Wikidata!
2023-09-09 14:23:59,259 - WARNING - MONDO_0013051 not found on Wikidata!
2023-09-09 14:24:29,671 - WARNING - MONDO_0013139 not found on Wikidata!
2023-09-09 14:24:36,226 - WARNING - MONDO_0013154 not found on Wikidata!
2023-09-09 14:24:36,227 - WARNING - MONDO_0013155 not found on Wikidata!
2023-09-09 14:24:36,227 - WARNING - MONDO_0013159 not found on Wikidata!
2023-09-09 14:24:36,227 - WARNING - MONDO_0013160 not found on Wikidata!
2023-09-09 14:24:45,545 - WARNING - MONDO_0013170 not found on Wikidata!
2023-09-09 14:24:45,546 - WARNING - MONDO_0013171 not found on Wikidata!
2023-09-09 14:24:47,632 - WARNING - MONDO_0013176 not found on Wikidata!
2023-09-09 14:24:54,482 - WARNING - MONDO_0013196 not found on Wikidata!
2023-09-09 14:24:59,148 - WARNING - MONDO_0013222 not found on Wikidata!
2023-09-09 14:25:06,075 - WARNING - MONDO_0013254 not found on Wikidata!
2023-09-09 14:25:13,105 - WARNING - MONDO_0013281 not found on Wikidata!
2023-09-09 14:25:15,780 - WARNING - MONDO_0013301 not found on Wikidata!
2023-09-09 14:25:17,994 - WARNING - MONDO_0013304 not found on Wikidata!
2023-09-09 14:25:17,994 - WARNING - MONDO_0013306 not found on Wikidata!
2023-09-09 14:25:20,133 - WARNING - MONDO_0013310 not found on Wikidata!
2023-09-09 14:25:24,765 - WARNING - MONDO_0013325 not found on Wikidata!
2023-09-09 14:25:24,765 - WARNING - MONDO_0013327 not found on Wikidata!
2023-09-09 14:25:24,765 - WARNING - MONDO_0013349 not found on Wikidata!
2023-09-09 14:25:27,429 - WARNING - MONDO_0013355 not found on Wikidata!
2023-09-09 14:25:27,430 - WARNING - MONDO_0013359 not found on Wikidata!
2023-09-09 14:25:31,624 - WARNING - MONDO_0013364 not found on Wikidata!
2023-09-09 14:25:31,624 - WARNING - MONDO_0013372 not found on Wikidata!
2023-09-09 14:25:33,942 - WARNING - MONDO_0013389 not found on Wikidata!
2023-09-09 14:26:07,669 - WARNING - MONDO_0013478 not found on Wikidata!
2023-09-09 14:26:17,033 - WARNING - MONDO_0013500 not found on Wikidata!
2023-09-09 14:26:18,996 - WARNING - MONDO_0013512 not found on Wikidata!
2023-09-09 14:26:21,322 - WARNING - MONDO_0013521 not found on Wikidata!
2023-09-09 14:26:21,322 - WARNING - MONDO_0013526 not found on Wikidata!
2023-09-09 14:26:26,001 - WARNING - MONDO_0013541 not found on Wikidata!
2023-09-09 14:26:28,356 - WARNING - MONDO_0013550 not found on Wikidata!
2023-09-09 14:26:43,104 - WARNING - MONDO_0013570 not found on Wikidata!
2023-09-09 14:26:45,562 - WARNING - MONDO_0013580 not found on Wikidata!
2023-09-09 14:26:50,303 - WARNING - MONDO_0013599 not found on Wikidata!
2023-09-09 14:26:50,304 - WARNING - MONDO_0013606 not found on Wikidata!
2023-09-09 14:27:25,805 - WARNING - MONDO_0013702 not found on Wikidata!
2023-09-09 14:27:37,888 - WARNING - MONDO_0013755 not found on Wikidata!
2023-09-09 14:27:51,815 - WARNING - MONDO_0013775 not found on Wikidata!
2023-09-09 14:28:10,760 - WARNING - MONDO_0013810 not found on Wikidata!
2023-09-09 14:28:10,760 - WARNING - MONDO_0013811 not found on Wikidata!
2023-09-09 14:28:10,761 - WARNING - MONDO_0013815 not found on Wikidata!
2023-09-09 14:28:13,164 - WARNING - MONDO_0013835 not found on Wikidata!
2023-09-09 14:28:13,164 - WARNING - MONDO_0013836 not found on Wikidata!
2023-09-09 14:28:13,164 - WARNING - MONDO_0013839 not found on Wikidata!
2023-09-09 14:28:13,164 - WARNING - MONDO_0013862 not found on Wikidata!
2023-09-09 14:28:13,164 - WARNING - MONDO_0013863 not found on Wikidata!
2023-09-09 14:28:13,164 - WARNING - MONDO_0013865 not found on Wikidata!
2023-09-09 14:28:17,927 - WARNING - MONDO_0013870 not found on Wikidata!
2023-09-09 14:28:22,537 - WARNING - MONDO_0013885 not found on Wikidata!
2023-09-09 14:28:31,547 - WARNING - MONDO_0013904 not found on Wikidata!
2023-09-09 14:28:47,828 - WARNING - MONDO_0013959 not found on Wikidata!
2023-09-09 14:28:52,640 - WARNING - MONDO_0013968 not found on Wikidata!
2023-09-09 14:28:52,640 - WARNING - MONDO_0013969 not found on Wikidata!
2023-09-09 14:28:57,661 - WARNING - MONDO_0013972 not found on Wikidata!
2023-09-09 14:28:57,661 - WARNING - MONDO_0013977 not found on Wikidata!
2023-09-09 14:28:57,661 - WARNING - MONDO_0013986 not found on Wikidata!
2023-09-09 14:28:57,661 - WARNING - MONDO_0013987 not found on Wikidata!
2023-09-09 14:29:16,177 - WARNING - MONDO_0014022 not found on Wikidata!
2023-09-09 14:29:16,177 - WARNING - MONDO_0014023 not found on Wikidata!
2023-09-09 14:29:18,242 - WARNING - MONDO_0014028 not found on Wikidata!
2023-09-09 14:29:40,054 - WARNING - MONDO_0014071 not found on Wikidata!
2023-09-09 14:29:40,054 - WARNING - MONDO_0014072 not found on Wikidata!
2023-09-09 14:29:40,054 - WARNING - MONDO_0014076 not found on Wikidata!
2023-09-09 14:29:49,590 - WARNING - MONDO_0014101 not found on Wikidata!
2023-09-09 14:29:54,610 - WARNING - MONDO_0014118 not found on Wikidata!
2023-09-09 14:29:56,746 - WARNING - MONDO_0014128 not found on Wikidata!
2023-09-09 14:30:03,691 - WARNING - ENSG00000173540 not found on Wikidata!
2023-09-09 14:30:04,220 - WARNING - MONDO_0014144 not found on Wikidata!
2023-09-09 14:30:28,015 - WARNING - MONDO_0014180 not found on Wikidata!
2023-09-09 14:30:28,016 - WARNING - MONDO_0014190 not found on Wikidata!
2023-09-09 14:30:38,025 - WARNING - MONDO_0014201 not found on Wikidata!
2023-09-09 14:30:40,461 - WARNING - MONDO_0014212 not found on Wikidata!
2023-09-09 14:30:47,931 - WARNING - MONDO_0014224 not found on Wikidata!
2023-09-09 14:31:02,791 - WARNING - MONDO_0014260 not found on Wikidata!
2023-09-09 14:31:02,791 - WARNING - MONDO_0014261 not found on Wikidata!
2023-09-09 14:31:17,335 - WARNING - MONDO_0014289 not found on Wikidata!
2023-09-09 14:32:16,116 - WARNING - MONDO_0014397 not found on Wikidata!
2023-09-09 14:32:25,842 - WARNING - MONDO_0014418 not found on Wikidata!
2023-09-09 14:32:38,538 - WARNING - MONDO_0014454 not found on Wikidata!
2023-09-09 14:32:43,149 - WARNING - MONDO_0014474 not found on Wikidata!
2023-09-09 14:33:21,034 - WARNING - MONDO_0014629 not found on Wikidata!
2023-09-09 14:33:44,283 - WARNING - MONDO_0014671 not found on Wikidata!
2023-09-09 14:36:06,991 - WARNING - MONDO_0015229 not found on Wikidata!
2023-09-09 14:36:09,143 - WARNING - MONDO_0015253 not found on Wikidata!
2023-09-09 14:36:09,144 - WARNING - MONDO_0015263 not found on Wikidata!
2023-09-09 14:36:14,512 - WARNING - MONDO_0015280 not found on Wikidata!
2023-09-09 14:36:14,513 - WARNING - MONDO_0015285 not found on Wikidata!
2023-09-09 14:36:16,935 - WARNING - MONDO_0015372 not found on Wikidata!
2023-09-09 14:36:16,935 - WARNING - MONDO_0015452 not found on Wikidata!
2023-09-09 14:36:26,489 - WARNING - MONDO_0015487 not found on Wikidata!
2023-09-09 14:36:26,489 - WARNING - MONDO_0015517 not found on Wikidata!
2023-09-09 14:36:28,709 - WARNING - MONDO_0015612 not found on Wikidata!
2023-09-09 14:36:32,710 - WARNING - MONDO_0015780 not found on Wikidata!
2023-09-09 14:36:34,986 - WARNING - MONDO_0015797 not found on Wikidata!
2023-09-09 14:36:34,987 - WARNING - MONDO_0015799 not found on Wikidata!
2023-09-09 14:36:39,391 - WARNING - MONDO_0015942 not found on Wikidata!
2023-09-09 14:36:42,039 - WARNING - MONDO_0015998 not found on Wikidata!
2023-09-09 14:36:42,039 - WARNING - MONDO_0016002 not found on Wikidata!
2023-09-09 14:36:44,721 - WARNING - MONDO_0016025 not found on Wikidata!
2023-09-09 14:36:51,993 - WARNING - MONDO_0016063 not found on Wikidata!
2023-09-09 14:36:51,994 - WARNING - MONDO_0016068 not found on Wikidata!
2023-09-09 14:36:57,720 - WARNING - MONDO_0016241 not found on Wikidata!
2023-09-09 14:36:57,720 - WARNING - MONDO_0016256 not found on Wikidata!
2023-09-09 14:36:57,720 - WARNING - MONDO_0016293 not found on Wikidata!
2023-09-09 14:37:00,489 - WARNING - MONDO_0016296 not found on Wikidata!
2023-09-09 14:37:19,533 - WARNING - MONDO_0016419 not found on Wikidata!
2023-09-09 14:37:21,887 - WARNING - MONDO_0016471 not found on Wikidata!
2023-09-09 14:37:25,472 - WARNING - MONDO_0016484 not found on Wikidata!
2023-09-09 14:37:36,843 - WARNING - MONDO_0016532 not found on Wikidata!
2023-09-09 14:37:36,843 - WARNING - MONDO_0016535 not found on Wikidata!
2023-09-09 14:37:36,843 - WARNING - MONDO_0016575 not found on Wikidata!
2023-09-09 14:37:42,983 - WARNING - MONDO_0016660 not found on Wikidata!
2023-09-09 14:37:56,807 - WARNING - MONDO_0016820 not found on Wikidata!
2023-09-09 14:37:56,808 - WARNING - MONDO_0016824 not found on Wikidata!
2023-09-09 14:38:02,037 - WARNING - MONDO_0016862 not found on Wikidata!
2023-09-09 14:38:15,405 - WARNING - MONDO_0017195 not found on Wikidata!
2023-09-09 14:38:17,800 - WARNING - MONDO_0017267 not found on Wikidata!
2023-09-09 14:38:17,800 - WARNING - MONDO_0017312 not found on Wikidata!
2023-09-09 14:38:17,800 - WARNING - MONDO_0017314 not found on Wikidata!
2023-09-09 14:38:17,801 - WARNING - MONDO_0017324 not found on Wikidata!
2023-09-09 14:38:34,287 - WARNING - MONDO_0017417 not found on Wikidata!
2023-09-09 14:38:34,287 - WARNING - MONDO_0017435 not found on Wikidata!
2023-09-09 14:38:42,173 - WARNING - MONDO_0017615 not found on Wikidata!
2023-09-09 14:38:53,030 - WARNING - MONDO_0017778 not found on Wikidata!
2023-09-09 14:38:55,457 - WARNING - MONDO_0017838 not found on Wikidata!
2023-09-09 14:38:55,457 - WARNING - MONDO_0017842 not found on Wikidata!
2023-09-09 14:38:55,457 - WARNING - MONDO_0017851 not found on Wikidata!
2023-09-09 14:38:55,457 - WARNING - MONDO_0017909 not found on Wikidata!
2023-09-09 14:38:58,250 - WARNING - MONDO_0017990 not found on Wikidata!
2023-09-09 14:39:10,030 - WARNING - MONDO_0018054 not found on Wikidata!
2023-09-09 14:39:12,710 - WARNING - MONDO_0018088 not found on Wikidata!
2023-09-09 14:39:12,711 - WARNING - MONDO_0018094 not found on Wikidata!
2023-09-09 14:39:12,711 - WARNING - MONDO_0018097 not found on Wikidata!
2023-09-09 14:39:20,058 - WARNING - MONDO_0018116 not found on Wikidata!
2023-09-09 14:39:24,874 - WARNING - MONDO_0018151 not found on Wikidata!
2023-09-09 14:39:27,231 - WARNING - MONDO_0018163 not found on Wikidata!
2023-09-09 14:39:41,775 - WARNING - MONDO_0018309 not found on Wikidata!
2023-09-09 14:39:49,257 - WARNING - MONDO_0018338 not found on Wikidata!
2023-09-09 14:39:56,930 - WARNING - MONDO_0018542 not found on Wikidata!
2023-09-09 14:39:59,596 - WARNING - MONDO_0018555 not found on Wikidata!
2023-09-09 14:40:17,509 - WARNING - MONDO_0018677 not found on Wikidata!
2023-09-09 14:40:20,275 - WARNING - MONDO_0018770 not found on Wikidata!
2023-09-09 14:40:23,425 - WARNING - ENSG00000083535 not found on Wikidata!
2023-09-09 14:40:49,363 - WARNING - MONDO_0018800 not found on Wikidata!
2023-09-09 14:40:58,575 - WARNING - MONDO_0018866 not found on Wikidata!
2023-09-09 14:41:03,902 - WARNING - MONDO_0018901 not found on Wikidata!
2023-09-09 14:41:06,459 - WARNING - MONDO_0018911 not found on Wikidata!
2023-09-09 14:41:06,459 - WARNING - MONDO_0018919 not found on Wikidata!
2023-09-09 14:41:06,459 - WARNING - MONDO_0018921 not found on Wikidata!
2023-09-09 14:41:06,459 - WARNING - MONDO_0018923 not found on Wikidata!
2023-09-09 14:41:06,459 - WARNING - MONDO_0018925 not found on Wikidata!
2023-09-09 14:41:17,516 - WARNING - MONDO_0018950 not found on Wikidata!
2023-09-09 14:41:35,846 - WARNING - MONDO_0018965 not found on Wikidata!
2023-09-09 14:41:35,846 - WARNING - MONDO_0018975 not found on Wikidata!
2023-09-09 14:41:41,508 - WARNING - MONDO_0018997 not found on Wikidata!
2023-09-09 14:41:41,509 - WARNING - MONDO_0018998 not found on Wikidata!
2023-09-09 14:41:41,509 - WARNING - MONDO_0019002 not found on Wikidata!
2023-09-09 14:41:41,509 - WARNING - MONDO_0019005 not found on Wikidata!
2023-09-09 14:41:53,251 - WARNING - MONDO_0019019 not found on Wikidata!
2023-09-09 14:41:53,252 - WARNING - MONDO_0019046 not found on Wikidata!
2023-09-09 14:41:59,904 - WARNING - MONDO_0019111 not found on Wikidata!
2023-09-09 14:42:02,258 - WARNING - MONDO_0019145 not found on Wikidata!
2023-09-09 14:42:06,845 - WARNING - MONDO_0019150 not found on Wikidata!
2023-09-09 14:42:06,845 - WARNING - MONDO_0019152 not found on Wikidata!
2023-09-09 14:42:06,846 - WARNING - MONDO_0019154 not found on Wikidata!
2023-09-09 14:42:06,846 - WARNING - MONDO_0019171 not found on Wikidata!
2023-09-09 14:42:06,846 - WARNING - MONDO_0019172 not found on Wikidata!
2023-09-09 14:42:08,915 - WARNING - MONDO_0019180 not found on Wikidata!
2023-09-09 14:42:08,915 - WARNING - MONDO_0019187 not found on Wikidata!
2023-09-09 14:42:11,584 - WARNING - MONDO_0019200 not found on Wikidata!
2023-09-09 14:42:15,303 - WARNING - MONDO_0019263 not found on Wikidata!
2023-09-09 14:42:15,303 - WARNING - MONDO_0019306 not found on Wikidata!
2023-09-09 14:42:21,686 - WARNING - MONDO_0019342 not found on Wikidata!
2023-09-09 14:42:21,686 - WARNING - MONDO_0019349 not found on Wikidata!
2023-09-09 14:42:21,686 - WARNING - MONDO_0019350 not found on Wikidata!
2023-09-09 14:42:21,686 - WARNING - MONDO_0019353 not found on Wikidata!
2023-09-09 14:42:26,533 - WARNING - MONDO_0019391 not found on Wikidata!
2023-09-09 14:42:31,543 - WARNING - MONDO_0019502 not found on Wikidata!
2023-09-09 14:42:31,544 - WARNING - MONDO_0019503 not found on Wikidata!
2023-09-09 14:42:33,715 - WARNING - MONDO_0019508 not found on Wikidata!
2023-09-09 14:42:48,341 - WARNING - MONDO_0019587 not found on Wikidata!
2023-09-09 14:42:48,341 - WARNING - MONDO_0019588 not found on Wikidata!
2023-09-09 14:42:48,341 - WARNING - MONDO_0019625 not found on Wikidata!
2023-09-09 14:42:51,640 - WARNING - MONDO_0019666 not found on Wikidata!
2023-09-09 14:42:56,211 - WARNING - MONDO_0019736 not found on Wikidata!
2023-09-09 14:43:00,952 - WARNING - MONDO_0019947 not found on Wikidata!
2023-09-09 14:43:17,603 - WARNING - MONDO_0020366 not found on Wikidata!
2023-09-09 14:43:23,050 - WARNING - MONDO_0020379 not found on Wikidata!
2023-09-09 14:43:27,554 - WARNING - MONDO_0020491 not found on Wikidata!
2023-09-09 14:43:32,175 - WARNING - MONDO_0020525 not found on Wikidata!
2023-09-09 14:43:34,594 - WARNING - MONDO_0020628 not found on Wikidata!
2023-09-09 14:43:34,594 - WARNING - MONDO_0020630 not found on Wikidata!
2023-09-09 14:43:34,594 - WARNING - MONDO_0020647 not found on Wikidata!
2023-09-09 14:43:34,595 - WARNING - MONDO_0020693 not found on Wikidata!
2023-09-09 14:43:34,595 - WARNING - MONDO_0020721 not found on Wikidata!
2023-09-09 14:43:34,595 - WARNING - MONDO_0020723 not found on Wikidata!
2023-09-09 14:43:34,595 - WARNING - MONDO_0020740 not found on Wikidata!
2023-09-09 14:43:34,595 - WARNING - MONDO_0020754 not found on Wikidata!
2023-09-09 14:43:34,595 - WARNING - MONDO_0020820 not found on Wikidata!
2023-09-09 14:43:34,595 - WARNING - MONDO_0020841 not found on Wikidata!
2023-09-09 14:43:34,595 - WARNING - MONDO_0020847 not found on Wikidata!
2023-09-09 14:43:34,595 - WARNING - MONDO_0020850 not found on Wikidata!
2023-09-09 14:43:34,595 - WARNING - MONDO_0021018 not found on Wikidata!
2023-09-09 14:43:34,596 - WARNING - MONDO_0021019 not found on Wikidata!
2023-09-09 14:43:34,596 - WARNING - MONDO_0021020 not found on Wikidata!
2023-09-09 14:43:34,596 - WARNING - MONDO_0021022 not found on Wikidata!
2023-09-09 14:43:36,955 - WARNING - MONDO_0021056 not found on Wikidata!
2023-09-09 14:43:36,955 - WARNING - MONDO_0021569 not found on Wikidata!
2023-09-09 14:43:42,096 - WARNING - MONDO_0024464 not found on Wikidata!
2023-09-09 14:43:42,096 - WARNING - MONDO_0024519 not found on Wikidata!
2023-09-09 14:43:44,246 - WARNING - MONDO_0026730 not found on Wikidata!
2023-09-09 14:43:44,246 - WARNING - MONDO_0026733 not found on Wikidata!
2023-09-09 14:43:44,246 - WARNING - MONDO_0027407 not found on Wikidata!
2023-09-09 14:43:44,247 - WARNING - MONDO_0029131 not found on Wikidata!
2023-09-09 14:43:44,247 - WARNING - MONDO_0029134 not found on Wikidata!
2023-09-09 14:43:44,247 - WARNING - MONDO_0029136 not found on Wikidata!
2023-09-09 14:43:44,247 - WARNING - MONDO_0030006 not found on Wikidata!
2023-09-09 14:43:44,247 - WARNING - MONDO_0030029 not found on Wikidata!
2023-09-09 14:43:44,247 - WARNING - MONDO_0030037 not found on Wikidata!
2023-09-09 14:43:44,247 - WARNING - MONDO_0030042 not found on Wikidata!
2023-09-09 14:43:44,247 - WARNING - MONDO_0030043 not found on Wikidata!
2023-09-09 14:43:44,248 - WARNING - MONDO_0030046 not found on Wikidata!
2023-09-09 14:43:44,248 - WARNING - MONDO_0030048 not found on Wikidata!
2023-09-09 14:43:44,248 - WARNING - MONDO_0030051 not found on Wikidata!
2023-09-09 14:43:44,248 - WARNING - MONDO_0030055 not found on Wikidata!
2023-09-09 14:43:44,248 - WARNING - MONDO_0030060 not found on Wikidata!
2023-09-09 14:43:44,248 - WARNING - MONDO_0030061 not found on Wikidata!
2023-09-09 14:43:44,248 - WARNING - MONDO_0030063 not found on Wikidata!
2023-09-09 14:43:44,248 - WARNING - MONDO_0030064 not found on Wikidata!
2023-09-09 14:43:44,249 - WARNING - MONDO_0030065 not found on Wikidata!
2023-09-09 14:43:44,249 - WARNING - MONDO_0030087 not found on Wikidata!
2023-09-09 14:43:44,249 - WARNING - MONDO_0030088 not found on Wikidata!
2023-09-09 14:43:44,249 - WARNING - MONDO_0030089 not found on Wikidata!
2023-09-09 14:43:44,249 - WARNING - MONDO_0030105 not found on Wikidata!
2023-09-09 14:43:44,249 - WARNING - MONDO_0030866 not found on Wikidata!
2023-09-09 14:43:57,836 - WARNING - MONDO_0031037 not found on Wikidata!
2023-09-09 14:43:57,836 - WARNING - MONDO_0031332 not found on Wikidata!
2023-09-09 14:44:00,712 - WARNING - MONDO_0032610 not found on Wikidata!
2023-09-09 14:44:00,713 - WARNING - MONDO_0032664 not found on Wikidata!
2023-09-09 14:44:00,713 - WARNING - MONDO_0032677 not found on Wikidata!
2023-09-09 14:44:00,713 - WARNING - MONDO_0032688 not found on Wikidata!
2023-09-09 14:44:00,713 - WARNING - MONDO_0032697 not found on Wikidata!
2023-09-09 14:44:00,713 - WARNING - MONDO_0032745 not found on Wikidata!
2023-09-09 14:44:00,713 - WARNING - MONDO_0032751 not found on Wikidata!
2023-09-09 14:44:00,713 - WARNING - MONDO_0032755 not found on Wikidata!
2023-09-09 14:44:00,714 - WARNING - MONDO_0032760 not found on Wikidata!
2023-09-09 14:44:00,714 - WARNING - MONDO_0032790 not found on Wikidata!
2023-09-09 14:44:00,714 - WARNING - MONDO_0032887 not found on Wikidata!
2023-09-09 14:44:00,714 - WARNING - MONDO_0032888 not found on Wikidata!
2023-09-09 14:44:00,714 - WARNING - MONDO_0032889 not found on Wikidata!
2023-09-09 14:44:00,714 - WARNING - MONDO_0032897 not found on Wikidata!
2023-09-09 14:44:00,714 - WARNING - MONDO_0032906 not found on Wikidata!
2023-09-09 14:44:00,715 - WARNING - MONDO_0032908 not found on Wikidata!
2023-09-09 14:44:00,715 - WARNING - MONDO_0032916 not found on Wikidata!
2023-09-09 14:44:00,715 - WARNING - MONDO_0032918 not found on Wikidata!
2023-09-09 14:44:00,715 - WARNING - MONDO_0032919 not found on Wikidata!
2023-09-09 14:44:00,715 - WARNING - MONDO_0032922 not found on Wikidata!
2023-09-09 14:44:00,715 - WARNING - MONDO_0032928 not found on Wikidata!
2023-09-09 14:44:00,716 - WARNING - MONDO_0032931 not found on Wikidata!
2023-09-09 14:44:00,716 - WARNING - MONDO_0032934 not found on Wikidata!
2023-09-09 14:44:00,716 - WARNING - MONDO_0032939 not found on Wikidata!
2023-09-09 14:44:00,716 - WARNING - MONDO_0033014 not found on Wikidata!
2023-09-09 14:44:09,127 - WARNING - MONDO_0033546 not found on Wikidata!
2023-09-09 14:44:09,128 - WARNING - MONDO_0033549 not found on Wikidata!
2023-09-09 14:44:09,128 - WARNING - MONDO_0033559 not found on Wikidata!
2023-09-09 14:44:09,128 - WARNING - MONDO_0033562 not found on Wikidata!
2023-09-09 14:44:09,128 - WARNING - MONDO_0033563 not found on Wikidata!
2023-09-09 14:44:09,128 - WARNING - MONDO_0033613 not found on Wikidata!
2023-09-09 14:44:09,128 - WARNING - MONDO_0033635 not found on Wikidata!
2023-09-09 14:44:09,128 - WARNING - MONDO_0033636 not found on Wikidata!
2023-09-09 14:44:09,129 - WARNING - MONDO_0033864 not found on Wikidata!
2023-09-09 14:44:09,129 - WARNING - MONDO_0033946 not found on Wikidata!
2023-09-09 14:44:09,129 - WARNING - MONDO_0034022 not found on Wikidata!
2023-09-09 14:44:09,129 - WARNING - MONDO_0034145 not found on Wikidata!
2023-09-09 14:44:09,129 - WARNING - MONDO_0035162 not found on Wikidata!
2023-09-09 14:44:09,129 - WARNING - MONDO_0035290 not found on Wikidata!
2023-09-09 14:44:09,129 - WARNING - MONDO_0042979 not found on Wikidata!
2023-09-09 14:44:09,129 - WARNING - MONDO_0044202 not found on Wikidata!
2023-09-09 14:44:09,129 - WARNING - MONDO_0044206 not found on Wikidata!
2023-09-09 14:44:09,130 - WARNING - MONDO_0044302 not found on Wikidata!
2023-09-09 14:44:09,130 - WARNING - MONDO_0044304 not found on Wikidata!
2023-09-09 14:44:11,383 - WARNING - MONDO_0044312 not found on Wikidata!
2023-09-09 14:44:11,383 - WARNING - MONDO_0044318 not found on Wikidata!
2023-09-09 14:44:11,384 - WARNING - MONDO_0044319 not found on Wikidata!
2023-09-09 14:44:11,384 - WARNING - MONDO_0044326 not found on Wikidata!
2023-09-09 14:44:11,384 - WARNING - MONDO_0044327 not found on Wikidata!
2023-09-09 14:44:11,384 - WARNING - MONDO_0044626 not found on Wikidata!
2023-09-09 14:44:11,384 - WARNING - MONDO_0044714 not found on Wikidata!
2023-09-09 14:44:11,384 - WARNING - MONDO_0044724 not found on Wikidata!
2023-09-09 14:44:11,384 - WARNING - MONDO_0044738 not found on Wikidata!
2023-09-09 14:44:11,385 - WARNING - MONDO_0054636 not found on Wikidata!
2023-09-09 14:44:11,385 - WARNING - MONDO_0054695 not found on Wikidata!
2023-09-09 14:44:11,385 - WARNING - MONDO_0054701 not found on Wikidata!
2023-09-09 14:44:11,385 - WARNING - MONDO_0054742 not found on Wikidata!
2023-09-09 14:44:11,385 - WARNING - MONDO_0054743 not found on Wikidata!
2023-09-09 14:44:11,385 - WARNING - MONDO_0054748 not found on Wikidata!
2023-09-09 14:44:11,386 - WARNING - MONDO_0054781 not found on Wikidata!
2023-09-09 14:44:11,386 - WARNING - MONDO_0054785 not found on Wikidata!
2023-09-09 14:44:11,386 - WARNING - MONDO_0054833 not found on Wikidata!
2023-09-09 14:44:11,386 - WARNING - MONDO_0054837 not found on Wikidata!
2023-09-09 14:44:11,386 - WARNING - MONDO_0054842 not found on Wikidata!
2023-09-09 14:44:11,386 - WARNING - MONDO_0060490 not found on Wikidata!
2023-09-09 14:44:11,387 - WARNING - MONDO_0060491 not found on Wikidata!
2023-09-09 14:44:11,387 - WARNING - MONDO_0060502 not found on Wikidata!
2023-09-09 14:44:11,387 - WARNING - MONDO_0060510 not found on Wikidata!
2023-09-09 14:44:11,387 - WARNING - MONDO_0060532 not found on Wikidata!
2023-09-09 14:44:11,387 - WARNING - MONDO_0060533 not found on Wikidata!
2023-09-09 14:44:11,388 - WARNING - MONDO_0060549 not found on Wikidata!
2023-09-09 14:44:11,388 - WARNING - MONDO_0060556 not found on Wikidata!
2023-09-09 14:44:11,388 - WARNING - MONDO_0060578 not found on Wikidata!
2023-09-09 14:44:11,388 - WARNING - MONDO_0060582 not found on Wikidata!
2023-09-09 14:44:11,388 - WARNING - MONDO_0060583 not found on Wikidata!
2023-09-09 14:44:11,388 - WARNING - MONDO_0060591 not found on Wikidata!
2023-09-09 14:44:11,388 - WARNING - MONDO_0060596 not found on Wikidata!
2023-09-09 14:44:11,389 - WARNING - MONDO_0060611 not found on Wikidata!
2023-09-09 14:44:11,389 - WARNING - MONDO_0060622 not found on Wikidata!
2023-09-09 14:44:11,389 - WARNING - MONDO_0060624 not found on Wikidata!
2023-09-09 14:44:11,389 - WARNING - MONDO_0060627 not found on Wikidata!
2023-09-09 14:44:11,389 - WARNING - MONDO_0060631 not found on Wikidata!
2023-09-09 14:44:11,389 - WARNING - MONDO_0060641 not found on Wikidata!
2023-09-09 14:44:11,389 - WARNING - MONDO_0060663 not found on Wikidata!
2023-09-09 14:44:11,389 - WARNING - MONDO_0060707 not found on Wikidata!
2023-09-09 14:44:11,389 - WARNING - MONDO_0060711 not found on Wikidata!
2023-09-09 14:44:11,389 - WARNING - MONDO_0060720 not found on Wikidata!
2023-09-09 14:44:11,390 - WARNING - MONDO_0060745 not found on Wikidata!
2023-09-09 14:44:11,390 - WARNING - MONDO_0060758 not found on Wikidata!
2023-09-09 14:44:11,390 - WARNING - MONDO_0060759 not found on Wikidata!
2023-09-09 14:44:11,390 - WARNING - MONDO_0060760 not found on Wikidata!
2023-09-09 14:44:11,390 - WARNING - MONDO_0060763 not found on Wikidata!
2023-09-09 14:44:11,390 - WARNING - MONDO_0100017 not found on Wikidata!
2023-09-09 14:44:11,390 - WARNING - MONDO_0100062 not found on Wikidata!
2023-09-09 14:44:11,390 - WARNING - MONDO_0100083 not found on Wikidata!
2023-09-09 14:44:11,390 - WARNING - MONDO_0100101 not found on Wikidata!
2023-09-09 14:44:11,390 - WARNING - MONDO_0100133 not found on Wikidata!
2023-09-09 14:44:11,391 - WARNING - MONDO_0100157 not found on Wikidata!
2023-09-09 14:44:11,391 - WARNING - MONDO_0100164 not found on Wikidata!
2023-09-09 14:44:11,391 - WARNING - MONDO_0100186 not found on Wikidata!
2023-09-09 14:44:11,391 - WARNING - MONDO_0100211 not found on Wikidata!
2023-09-09 14:44:11,391 - WARNING - MONDO_0100213 not found on Wikidata!
2023-09-09 14:44:11,391 - WARNING - MONDO_0100215 not found on Wikidata!
2023-09-09 14:44:11,391 - WARNING - MONDO_0100218 not found on Wikidata!
2023-09-09 14:44:11,391 - WARNING - MONDO_0100253 not found on Wikidata!
2023-09-09 14:44:11,391 - WARNING - MONDO_0100255 not found on Wikidata!
2023-09-09 14:44:11,391 - WARNING - MONDO_0100289 not found on Wikidata!
2023-09-09 14:44:11,391 - WARNING - MONDO_0100294 not found on Wikidata!
2023-09-09 14:44:11,392 - WARNING - MONDO_0100326 not found on Wikidata!
2023-09-09 14:44:11,392 - WARNING - MONDO_0100339 not found on Wikidata!
2023-09-09 14:44:11,392 - WARNING - MONDO_0100352 not found on Wikidata!
2023-09-09 14:44:11,392 - WARNING - MONDO_0100354 not found on Wikidata!
2023-09-09 14:44:11,392 - WARNING - MONDO_0700087 not found on Wikidata!
2023-09-09 14:44:11,392 - WARNING - MONDO_0700089 not found on Wikidata!
2023-09-09 14:45:31,564 - WARNING - Orphanet_1154 not found on Wikidata!
2023-09-09 14:46:46,005 - WARNING - Orphanet_137681 not found on Wikidata!
2023-09-09 14:47:19,146 - WARNING - Orphanet_139583 not found on Wikidata!
2023-09-09 14:47:19,146 - WARNING - Orphanet_140927 not found on Wikidata!
2023-09-09 14:47:57,050 - WARNING - Orphanet_1541 not found on Wikidata!
2023-09-09 14:48:07,207 - WARNING - Orphanet_163696 not found on Wikidata!
2023-09-09 14:48:33,522 - WARNING - Orphanet_168566 not found on Wikidata!
2023-09-09 14:49:20,935 - WARNING - Orphanet_183506 not found on Wikidata!
2023-09-09 14:49:44,590 - WARNING - Orphanet_1900 not found on Wikidata!
2023-09-09 14:50:11,109 - WARNING - Orphanet_2053 not found on Wikidata!
2023-09-09 14:50:35,686 - WARNING - Orphanet_217563 not found on Wikidata!
2023-09-09 14:51:08,398 - WARNING - Orphanet_227535 not found on Wikidata!
2023-09-09 14:51:18,745 - WARNING - ENSG00000128973 not found on Wikidata!
2023-09-09 14:51:31,700 - WARNING - ENSG00000128973 not found on Wikidata!
2023-09-09 14:51:52,663 - WARNING - Orphanet_238583 not found on Wikidata!
2023-09-09 14:52:40,003 - WARNING - Orphanet_251262 not found on Wikidata!
2023-09-09 14:52:55,567 - WARNING - Orphanet_2543 not found on Wikidata!
2023-09-09 14:53:25,567 - WARNING - Orphanet_258 not found on Wikidata!
2023-09-09 14:53:43,077 - WARNING - Orphanet_264675 not found on Wikidata!
2023-09-09 14:54:00,280 - WARNING - Orphanet_273 not found on Wikidata!
2023-09-09 14:54:21,170 - WARNING - Orphanet_277 not found on Wikidata!
2023-09-09 14:55:08,684 - WARNING - Orphanet_2841 not found on Wikidata!
2023-09-09 14:55:56,775 - WARNING - Orphanet_300547 not found on Wikidata!
2023-09-09 14:56:34,051 - WARNING - Orphanet_30925 not found on Wikidata!
2023-09-09 14:57:06,751 - WARNING - Orphanet_32 not found on Wikidata!
2023-09-09 14:58:12,595 - WARNING - Orphanet_34592 not found on Wikidata!
2023-09-09 14:58:12,596 - WARNING - Orphanet_3460 not found on Wikidata!
2023-09-09 14:59:04,342 - WARNING - Orphanet_369852 not found on Wikidata!
2023-09-09 15:02:53,963 - WARNING - Orphanet_65743 not found on Wikidata!
2023-09-09 15:06:43,233 - WARNING - ENSG00000105647 not found on Wikidata!
2023-09-09 15:07:25,981 - WARNING - Orphanet_85442 not found on Wikidata!
2023-09-09 15:07:57,222 - WARNING - ENSG00000107859 not found on Wikidata!
2023-09-09 15:08:03,255 - WARNING - Orphanet_88642 not found on Wikidata!
2023-09-09 15:08:11,446 - WARNING - Orphanet_89838 not found on Wikidata!
2023-09-09 15:08:16,365 - WARNING - Orphanet_903 not found on Wikidata!
2023-09-09 15:09:44,229 - WARNING - Orphanet_95702 not found on Wikidata!
2023-09-09 15:11:09,813 - WARNING - ENSG00000107859 not found on Wikidata!
